<?xml version="1.0" encoding="UTF-8"?>
<robot generator="Robot 7.2.2 (Python 3.13.2 on win32)" generated="2025-06-03T09:16:35.789981" rpa="false" schemaversion="5">
<suite id="s1" name="Primeiro Teste" source="C:\Users\lucas.dalmeida\Desktop\Robot\primeiro_teste.robot">
<test id="s1-t1" name="Abrir o navegador e acessar o site do organo" line="5">
<kw name="Open Browser" owner="SeleniumLibrary">
<msg time="2025-06-03T09:16:36.144684" level="INFO">Opening browser 'Chrome' to base url 'http://localhost:3000/'.</msg>
<arg>url=http://localhost:3000/</arg>
<arg>browser=Chrome</arg>
<doc>Opens a new browser instance to the optional ``url``.</doc>
<status status="PASS" start="2025-06-03T09:16:36.144363" elapsed="2.075387"/>
</kw>
<status status="PASS" start="2025-06-03T09:16:36.142936" elapsed="2.077450"/>
</test>
<test id="s1-t2" name="Preencher os campos do formulário" line="8">
<kw name="Input Text" owner="SeleniumLibrary">
<msg time="2025-06-03T09:16:38.222829" level="INFO">Typing text 'João' into text field 'id:form-nome'.</msg>
<arg>id:form-nome</arg>
<arg>João</arg>
<doc>Types the given ``text`` into the text field identified by ``locator``.</doc>
<status status="PASS" start="2025-06-03T09:16:38.222203" elapsed="0.153038"/>
</kw>
<kw name="Input Text" owner="SeleniumLibrary">
<msg time="2025-06-03T09:16:38.376708" level="INFO">Typing text 'Desenvolvedor' into text field 'id:form-cargo'.</msg>
<arg>id:form-cargo</arg>
<arg>Desenvolvedor</arg>
<doc>Types the given ``text`` into the text field identified by ``locator``.</doc>
<status status="PASS" start="2025-06-03T09:16:38.376391" elapsed="0.171621"/>
</kw>
<kw name="Input Text" owner="SeleniumLibrary">
<msg time="2025-06-03T09:16:38.548891" level="INFO">Typing text 'https://picsum.photos/200/300' into text field 'id:form-imagem'.</msg>
<arg>id:form-imagem</arg>
<arg>https://picsum.photos/200/300</arg>
<doc>Types the given ``text`` into the text field identified by ``locator``.</doc>
<status status="PASS" start="2025-06-03T09:16:38.548550" elapsed="0.164698"/>
</kw>
<kw name="Click Element" owner="SeleniumLibrary">
<msg time="2025-06-03T09:16:38.714089" level="INFO">Clicking element 'class:lista-suspensa'.</msg>
<arg>class:lista-suspensa</arg>
<doc>Click the element identified by ``locator``.</doc>
<status status="PASS" start="2025-06-03T09:16:38.713768" elapsed="0.107513"/>
</kw>
<kw name="Click Element" owner="SeleniumLibrary">
<msg time="2025-06-03T09:16:38.821918" level="INFO">Clicking element '//option[contains(.,'Programação')]'.</msg>
<arg>//option[contains(.,'Programação')]</arg>
<doc>Click the element identified by ``locator``.</doc>
<status status="PASS" start="2025-06-03T09:16:38.821654" elapsed="0.051746"/>
</kw>
<kw name="Sleep" owner="BuiltIn">
<msg time="2025-06-03T09:16:43.877280" level="INFO">Slept 5 seconds.</msg>
<arg>5s</arg>
<doc>Pauses the test executed for the given time.</doc>
<status status="PASS" start="2025-06-03T09:16:38.875391" elapsed="5.001997"/>
</kw>
<kw name="Click Element" owner="SeleniumLibrary">
<msg time="2025-06-03T09:16:43.877959" level="INFO">Clicking element 'form-botao'.</msg>
<arg>form-botao</arg>
<doc>Click the element identified by ``locator``.</doc>
<status status="PASS" start="2025-06-03T09:16:43.877760" elapsed="0.083270"/>
</kw>
<kw name="Element Should Be Visible" owner="SeleniumLibrary">
<msg time="2025-06-03T09:16:43.984238" level="INFO">Element 'class:colaborador' is displayed.</msg>
<arg>class:colaborador</arg>
<doc>Verifies that the element identified by ``locator`` is visible.</doc>
<status status="PASS" start="2025-06-03T09:16:43.961414" elapsed="0.023060"/>
</kw>
<kw name="Sleep" owner="BuiltIn">
<msg time="2025-06-03T09:16:48.985807" level="INFO">Slept 5 seconds.</msg>
<arg>5s</arg>
<doc>Pauses the test executed for the given time.</doc>
<status status="PASS" start="2025-06-03T09:16:43.984965" elapsed="5.000957"/>
</kw>
<status status="PASS" start="2025-06-03T09:16:38.221384" elapsed="10.765120"/>
</test>
<status status="PASS" start="2025-06-03T09:16:35.792140" elapsed="13.195244"/>
</suite>
<statistics>
<total>
<stat pass="2" fail="0" skip="0">All Tests</stat>
</total>
<tag>
</tag>
<suite>
<stat name="Primeiro Teste" id="s1" pass="2" fail="0" skip="0">Primeiro Teste</stat>
</suite>
</statistics>
<errors>
</errors>
</robot>
